  Noria.cpp
C:\Users\sarah\source\repos\Seminarios_ISGI_2022\codebase\Utilidades.h(29,44): warning C4305: 'inicializando': truncamiento de 'double' a 'const GLfloat'
C:\Users\sarah\source\repos\Seminarios_ISGI_2022\codebase\Utilidades.h(30,45): warning C4305: 'inicializando': truncamiento de 'double' a 'const GLfloat'
C:\Users\sarah\source\repos\Seminarios_ISGI_2022\codebase\Utilidades.h(35,57): warning C4305: 'inicializando': truncamiento de 'double' a 'const GLfloat'
C:\Users\sarah\source\repos\Seminarios_ISGI_2022\codebase\Utilidades.h(36,57): warning C4305: 'inicializando': truncamiento de 'double' a 'const GLfloat'
C:\Users\sarah\source\repos\Seminarios_ISGI_2022\codebase\Utilidades.h(38,54): warning C4305: 'inicializando': truncamiento de 'double' a 'const GLfloat'
C:\Users\sarah\source\repos\Seminarios_ISGI_2022\codebase\Utilidades.h(252,37): warning C4305: 'argumento': truncamiento de 'double' a 'GLfloat'
C:\Users\sarah\source\repos\Seminarios_ISGI_2022\Noria\Noria.cpp(25,35): warning C4305: 'inicializando': truncamiento de 'double' a 'float'
C:\Users\sarah\source\repos\Seminarios_ISGI_2022\Noria\Noria.cpp(26,31): warning C4305: 'inicializando': truncamiento de 'double' a 'float'
C:\Users\sarah\source\repos\Seminarios_ISGI_2022\Noria\Noria.cpp(30,35): warning C4305: 'inicializando': truncamiento de 'double' a 'float'
C:\Users\sarah\source\repos\Seminarios_ISGI_2022\Noria\Noria.cpp(64,23): warning C4305: 'argumento': truncamiento de 'double' a 'GLfloat'
C:\Users\sarah\source\repos\Seminarios_ISGI_2022\Noria\Noria.cpp(95,20): warning C4244: 'inicializando': conversión de 'double' a 'float'; posible pérdida de datos
C:\Users\sarah\source\repos\Seminarios_ISGI_2022\Noria\Noria.cpp(96,68): warning C4244: 'argumento': conversión de 'double' a 'GLfloat'; posible pérdida de datos
C:\Users\sarah\source\repos\Seminarios_ISGI_2022\Noria\Noria.cpp(104,17): warning C4244: 'inicializando': conversión de 'double' a 'float'; posible pérdida de datos
C:\Users\sarah\source\repos\Seminarios_ISGI_2022\Noria\Noria.cpp(106,17): warning C4244: 'inicializando': conversión de 'double' a 'float'; posible pérdida de datos
C:\Users\sarah\source\repos\Seminarios_ISGI_2022\Noria\Noria.cpp(108,17): warning C4244: 'inicializando': conversión de 'double' a 'float'; posible pérdida de datos
C:\Users\sarah\source\repos\Seminarios_ISGI_2022\Noria\Noria.cpp(109,25): warning C4244: 'inicializando': conversión de 'double' a 'float'; posible pérdida de datos
C:\Users\sarah\source\repos\Seminarios_ISGI_2022\Noria\Noria.cpp(131,38): warning C4244: 'argumento': conversión de 'double' a 'GLfloat'; posible pérdida de datos
C:\Users\sarah\source\repos\Seminarios_ISGI_2022\Noria\Noria.cpp(133,41): warning C4244: 'argumento': conversión de 'double' a 'GLfloat'; posible pérdida de datos
C:\Users\sarah\source\repos\Seminarios_ISGI_2022\Noria\Noria.cpp(138,43): warning C4244: 'argumento': conversión de 'double' a 'GLfloat'; posible pérdida de datos
C:\Users\sarah\source\repos\Seminarios_ISGI_2022\Noria\Noria.cpp(140,47): warning C4244: 'argumento': conversión de 'double' a 'GLfloat'; posible pérdida de datos
C:\Users\sarah\source\repos\Seminarios_ISGI_2022\Noria\Noria.cpp(147,25): warning C4305: 'argumento': truncamiento de 'double' a 'GLfloat'
C:\Users\sarah\source\repos\Seminarios_ISGI_2022\Noria\Noria.cpp(148,28): warning C4244: 'argumento': conversión de 'double' a 'GLfloat'; posible pérdida de datos
C:\Users\sarah\source\repos\Seminarios_ISGI_2022\Noria\Noria.cpp(154,25): warning C4305: 'argumento': truncamiento de 'double' a 'GLfloat'
C:\Users\sarah\source\repos\Seminarios_ISGI_2022\Noria\Noria.cpp(155,24): warning C4244: 'argumento': conversión de 'double' a 'GLfloat'; posible pérdida de datos
C:\Users\sarah\source\repos\Seminarios_ISGI_2022\Noria\Noria.cpp(161,25): warning C4305: 'argumento': truncamiento de 'double' a 'GLfloat'
C:\Users\sarah\source\repos\Seminarios_ISGI_2022\Noria\Noria.cpp(162,41): warning C4244: 'argumento': conversión de 'double' a 'GLfloat'; posible pérdida de datos
C:\Users\sarah\source\repos\Seminarios_ISGI_2022\Noria\Noria.cpp(162,29): warning C4244: 'argumento': conversión de 'double' a 'GLfloat'; posible pérdida de datos
C:\Users\sarah\source\repos\Seminarios_ISGI_2022\Noria\Noria.cpp(168,25): warning C4305: 'argumento': truncamiento de 'double' a 'GLfloat'
C:\Users\sarah\source\repos\Seminarios_ISGI_2022\Noria\Noria.cpp(169,42): warning C4244: 'argumento': conversión de 'double' a 'GLfloat'; posible pérdida de datos
C:\Users\sarah\source\repos\Seminarios_ISGI_2022\Noria\Noria.cpp(169,33): warning C4244: 'argumento': conversión de 'double' a 'GLfloat'; posible pérdida de datos
C:\Users\sarah\source\repos\Seminarios_ISGI_2022\Noria\Noria.cpp(188,23): warning C4305: 'argumento': truncamiento de 'double' a 'GLfloat'
C:\Users\sarah\source\repos\Seminarios_ISGI_2022\Noria\Noria.cpp(189,44): warning C4244: 'argumento': conversión de 'double' a 'GLfloat'; posible pérdida de datos
C:\Users\sarah\source\repos\Seminarios_ISGI_2022\Noria\Noria.cpp(195,25): warning C4305: 'argumento': truncamiento de 'double' a 'GLfloat'
C:\Users\sarah\source\repos\Seminarios_ISGI_2022\Noria\Noria.cpp(196,46): warning C4244: 'argumento': conversión de 'double' a 'GLfloat'; posible pérdida de datos
C:\Users\sarah\source\repos\Seminarios_ISGI_2022\Noria\Noria.cpp(197,22): warning C4305: 'argumento': truncamiento de 'double' a 'GLfloat'
C:\Users\sarah\source\repos\Seminarios_ISGI_2022\Noria\Noria.cpp(203,25): warning C4305: 'argumento': truncamiento de 'double' a 'GLfloat'
C:\Users\sarah\source\repos\Seminarios_ISGI_2022\Noria\Noria.cpp(204,47): warning C4244: 'argumento': conversión de 'double' a 'GLfloat'; posible pérdida de datos
C:\Users\sarah\source\repos\Seminarios_ISGI_2022\Noria\Noria.cpp(205,24): warning C4305: 'argumento': truncamiento de 'double' a 'GLfloat'
C:\Users\sarah\source\repos\Seminarios_ISGI_2022\Noria\Noria.cpp(223,44): warning C4244: 'argumento': conversión de 'double' a 'GLfloat'; posible pérdida de datos
C:\Users\sarah\source\repos\Seminarios_ISGI_2022\Noria\Noria.cpp(223,47): warning C4305: 'argumento': truncamiento de 'double' a 'GLfloat'
C:\Users\sarah\source\repos\Seminarios_ISGI_2022\Noria\Noria.cpp(230,44): warning C4244: 'argumento': conversión de 'double' a 'GLfloat'; posible pérdida de datos
C:\Users\sarah\source\repos\Seminarios_ISGI_2022\Noria\Noria.cpp(230,47): warning C4305: 'argumento': truncamiento de 'double' a 'GLfloat'
C:\Users\sarah\source\repos\Seminarios_ISGI_2022\Noria\Noria.cpp(278,26): warning C4244: 'inicializando': conversión de 'double' a 'float'; posible pérdida de datos
C:\Users\sarah\source\repos\Seminarios_ISGI_2022\Noria\Noria.cpp(280,15): warning C4244: 'argumento': conversión de 'double' a 'GLfloat'; posible pérdida de datos
C:\Users\sarah\source\repos\Seminarios_ISGI_2022\Noria\Noria.cpp(287,16): warning C4244: 'argumento': conversión de 'double' a 'GLfloat'; posible pérdida de datos
C:\Users\sarah\source\repos\Seminarios_ISGI_2022\Noria\Noria.cpp(345,25): warning C4305: 'argumento': truncamiento de 'double' a 'GLfloat'
C:\Users\sarah\source\repos\Seminarios_ISGI_2022\Noria\Noria.cpp(346,53): warning C4244: 'argumento': conversión de 'double' a 'GLfloat'; posible pérdida de datos
C:\Users\sarah\source\repos\Seminarios_ISGI_2022\Noria\Noria.cpp(350,47): warning C4244: 'argumento': conversión de 'double' a 'GLfloat'; posible pérdida de datos
C:\Users\sarah\source\repos\Seminarios_ISGI_2022\Noria\Noria.cpp(356,95): warning C4244: 'argumento': conversión de 'double' a 'GLfloat'; posible pérdida de datos
C:\Users\sarah\source\repos\Seminarios_ISGI_2022\Noria\Noria.cpp(356,69): warning C4244: 'argumento': conversión de 'double' a 'GLfloat'; posible pérdida de datos
C:\Users\sarah\source\repos\Seminarios_ISGI_2022\Noria\Noria.cpp(356,33): warning C4244: 'argumento': conversión de 'double' a 'GLfloat'; posible pérdida de datos
C:\Users\sarah\source\repos\Seminarios_ISGI_2022\Noria\Noria.cpp(363,96): warning C4244: 'argumento': conversión de 'double' a 'GLfloat'; posible pérdida de datos
C:\Users\sarah\source\repos\Seminarios_ISGI_2022\Noria\Noria.cpp(363,70): warning C4244: 'argumento': conversión de 'double' a 'GLfloat'; posible pérdida de datos
C:\Users\sarah\source\repos\Seminarios_ISGI_2022\Noria\Noria.cpp(363,36): warning C4244: 'argumento': conversión de 'double' a 'GLfloat'; posible pérdida de datos
C:\Users\sarah\source\repos\Seminarios_ISGI_2022\Noria\Noria.cpp(370,97): warning C4244: 'argumento': conversión de 'double' a 'GLfloat'; posible pérdida de datos
C:\Users\sarah\source\repos\Seminarios_ISGI_2022\Noria\Noria.cpp(370,70): warning C4244: 'argumento': conversión de 'double' a 'GLfloat'; posible pérdida de datos
C:\Users\sarah\source\repos\Seminarios_ISGI_2022\Noria\Noria.cpp(370,36): warning C4244: 'argumento': conversión de 'double' a 'GLfloat'; posible pérdida de datos
C:\Users\sarah\source\repos\Seminarios_ISGI_2022\Noria\Noria.cpp(377,96): warning C4244: 'argumento': conversión de 'double' a 'GLfloat'; posible pérdida de datos
C:\Users\sarah\source\repos\Seminarios_ISGI_2022\Noria\Noria.cpp(377,69): warning C4244: 'argumento': conversión de 'double' a 'GLfloat'; posible pérdida de datos
C:\Users\sarah\source\repos\Seminarios_ISGI_2022\Noria\Noria.cpp(377,35): warning C4244: 'argumento': conversión de 'double' a 'GLfloat'; posible pérdida de datos
C:\Users\sarah\source\repos\Seminarios_ISGI_2022\Noria\Noria.cpp(384,48): warning C4244: 'argumento': conversión de 'double' a 'GLfloat'; posible pérdida de datos
C:\Users\sarah\source\repos\Seminarios_ISGI_2022\Noria\Noria.cpp(385,20): warning C4305: 'argumento': truncamiento de 'double' a 'GLfloat'
C:\Users\sarah\source\repos\Seminarios_ISGI_2022\Noria\Noria.cpp(391,52): warning C4244: 'argumento': conversión de 'double' a 'GLfloat'; posible pérdida de datos
C:\Users\sarah\source\repos\Seminarios_ISGI_2022\Noria\Noria.cpp(407,25): warning C4305: 'argumento': truncamiento de 'double' a 'GLfloat'
C:\Users\sarah\source\repos\Seminarios_ISGI_2022\Noria\Noria.cpp(424,18): warning C4244: 'argumento': conversión de 'int' a 'GLfloat'; posible pérdida de datos
C:\Users\sarah\source\repos\Seminarios_ISGI_2022\Noria\Noria.cpp(536,12): warning C4244: 'inicializando': conversión de 'double' a 'float'; posible pérdida de datos
C:\Users\sarah\source\repos\Seminarios_ISGI_2022\Noria\Noria.cpp(550,37): warning C4305: 'inicializando': truncamiento de 'double' a 'float'
C:\Users\sarah\source\repos\Seminarios_ISGI_2022\Noria\Noria.cpp(570,24): warning C4244: '=': conversión de 'double' a 'float'; posible pérdida de datos
C:\Users\sarah\source\repos\Seminarios_ISGI_2022\Noria\Noria.cpp(571,24): warning C4244: '=': conversión de 'double' a 'float'; posible pérdida de datos
C:\Users\sarah\source\repos\Seminarios_ISGI_2022\Noria\Noria.cpp(602,18): warning C4244: '=': conversión de 'double' a 'float'; posible pérdida de datos
C:\Users\sarah\source\repos\Seminarios_ISGI_2022\Noria\Noria.cpp(609,23): warning C4244: '=': conversión de 'int' a 'float'; posible pérdida de datos
  Generando código
  5 of 127 functions ( 3.9%) were compiled, the rest were copied from previous compilation.
    0 functions were new in current compilation
    0 functions had inline decision re-evaluated but remain unchanged
  Generación de código finalizada
  Noria.vcxproj -> C:\Users\sarah\source\repos\Seminarios_ISGI_2022\Noria\Noria.exe
